0 info it worked if it ends with ok
1 verbose cli [ '/Users/evCapitan/.nvm/versions/node/v7.2.1/bin/node',
1 verbose cli   '/Users/evCapitan/.nvm/versions/node/v7.2.1/bin/npm',
1 verbose cli   'version',
1 verbose cli   'patch' ]
2 info using npm@4.0.5
3 info using node@v7.2.1
4 info git [ 'status', '--porcelain' ]
5 info lifecycle @ev-npm/how-to-npm@1.0.1~preversion: @ev-npm/how-to-npm@1.0.1
6 silly lifecycle @ev-npm/how-to-npm@1.0.1~preversion: no script for preversion, continuing
7 verbose version.write data { name: '@ev-npm/how-to-npm',
7 verbose version.write   version: '1.0.1',
7 verbose version.write   description: '',
7 verbose version.write   main: 'index.js',
7 verbose version.write   scripts: { test: 'node test.js' },
7 verbose version.write   author: '',
7 verbose version.write   repository: 'https://github.com/Visual-Knowledge/how-to-npm.git',
7 verbose version.write   license: 'ISC',
7 verbose version.write   dependencies: { '@linclark/pkg': '^1.0.2' } } to package.json
8 info lifecycle @ev-npm/how-to-npm@1.0.1~version: @ev-npm/how-to-npm@1.0.1
9 silly lifecycle @ev-npm/how-to-npm@1.0.1~version: no script for version, continuing
10 info git [ 'add',
10 info git   '/Users/evCapitan/DEV/nodeschool/how-to-npm/package.json' ]
11 info git [ 'commit', '-m', '1.0.1' ]
12 info git [ 'tag', 'v1.0.1', '-sm', '1.0.1' ]
13 verbose stack Error: Command failed: git tag v1.0.1 -sm 1.0.1
13 verbose stack error: cannot run gpg: No such file or directory
13 verbose stack error: could not run gpg.
13 verbose stack error: unable to sign the tag
13 verbose stack
13 verbose stack     at ChildProcess.exithandler (child_process.js:211:12)
13 verbose stack     at emitTwo (events.js:106:13)
13 verbose stack     at ChildProcess.emit (events.js:191:7)
13 verbose stack     at maybeClose (internal/child_process.js:885:16)
13 verbose stack     at Socket.<anonymous> (internal/child_process.js:334:11)
13 verbose stack     at emitOne (events.js:96:13)
13 verbose stack     at Socket.emit (events.js:188:7)
13 verbose stack     at Pipe._handle.close [as _onclose] (net.js:501:12)
14 verbose cwd /Users/evCapitan/DEV/nodeschool/how-to-npm
15 error Darwin 15.6.0
16 error argv "/Users/evCapitan/.nvm/versions/node/v7.2.1/bin/node" "/Users/evCapitan/.nvm/versions/node/v7.2.1/bin/npm" "version" "patch"
17 error node v7.2.1
18 error npm  v4.0.5
19 error code 128
20 error Command failed: git tag v1.0.1 -sm 1.0.1
20 error error: cannot run gpg: No such file or directory
20 error error: could not run gpg.
20 error error: unable to sign the tag
21 error If you need help, you may report this error at:
21 error     <https://github.com/npm/npm/issues>
22 verbose exit [ 1, true ]
